# JRE version: Java(TM) SE Runtime Environment (25.0.1+8) (build 25.0.1+8-LTS-27)
# Java VM: Java HotSpot(TM) 64-Bit Server VM (25.0.1+8-LTS-27, mixed mode, sharing, tiered, compressed oops, compressed class ptrs, g1 gc, windows-amd64)
GC Precious Log:
 CardTable entry size: 512
 Card Set container configuration: InlinePtr #cards 5 size 8 Array Of Cards #cards 10 size 36 Howl #buckets 4 coarsen threshold 1843 Howl Bitmap #cards 512 size 80 coarsen threshold 460 Card regions per heap region 1 cards per card region 2048
 CPUs: 8 total, 8 available
 Memory: 5965M
 Large Page Support: Disabled
 NUMA Support: Disabled
 Compressed Oops: Enabled (32-bit)
 Heap Region Size: 1M
 Heap Min Capacity: 8M
 Heap Initial Capacity: 94M
 Heap Max Capacity: 1492M
 Pre-touch: Disabled
 Parallel Workers: 8
 Concurrent Workers: 2
 Concurrent Refinement Workers: 8
 Periodic GC: Disabled
Heap:
 garbage-first heap   total reserved 1527808K, committed 102400K, used 61414K [0x00000000a2c00000, 0x0000000100000000)
  region size 1024K, 16 young (16384K), 3 survivors (3072K)
GC Heap Usage History (20 events):
Event: 3.657 {heap Before GC invocations=0 (full 0):
 garbage-first heap   total reserved 1527808K, committed 98304K, used 49301K [0x00000000a2c00000, 0x0000000100000000)
  region size 1024K, 47 young (48128K), 0 survivors (0K)
}
Event: 3.678 {heap After GC invocations=1 (full 0):
 garbage-first heap   total reserved 1527808K, committed 98304K, used 5781K [0x00000000a2c00000, 0x0000000100000000)
  region size 1024K, 5 young (5120K), 5 survivors (5120K)
}
Event: 6.854 {heap Before GC invocations=1 (full 0):
 garbage-first heap   total reserved 1527808K, committed 98304K, used 47765K [0x00000000a2c00000, 0x0000000100000000)
  region size 1024K, 46 young (47104K), 5 survivors (5120K)
}
Event: 6.878 {heap After GC invocations=2 (full 0):
 garbage-first heap   total reserved 1527808K, committed 98304K, used 11030K [0x00000000a2c00000, 0x0000000100000000)
  region size 1024K, 6 young (6144K), 6 survivors (6144K)
}
Event: 8.095 {heap Before GC invocations=2 (full 0):
 garbage-first heap   total reserved 1527808K, committed 98304K, used 57110K [0x00000000a2c00000, 0x0000000100000000)
  region size 1024K, 51 young (52224K), 6 survivors (6144K)
}
Event: 8.115 {heap After GC invocations=3 (full 0):
 garbage-first heap   total reserved 1527808K, committed 98304K, used 14950K [0x00000000a2c00000, 0x0000000100000000)
  region size 1024K, 5 young (5120K), 5 survivors (5120K)
}
Event: 9.511 {heap Before GC invocations=3 (full 0):
 garbage-first heap   total reserved 1527808K, committed 98304K, used 65126K [0x00000000a2c00000, 0x0000000100000000)
  region size 1024K, 54 young (55296K), 5 survivors (5120K)
}
Event: 9.524 {heap After GC invocations=4 (full 0):
 garbage-first heap   total reserved 1527808K, committed 98304K, used 17401K [0x00000000a2c00000, 0x0000000100000000)
  region size 1024K, 3 young (3072K), 3 survivors (3072K)
}
Event: 10.461 {heap Before GC invocations=4 (full 0):
 garbage-first heap   total reserved 1527808K, committed 98304K, used 60409K [0x00000000a2c00000, 0x0000000100000000)
  region size 1024K, 26 young (26624K), 3 survivors (3072K)
}
Event: 10.470 {heap After GC invocations=5 (full 0):
 garbage-first heap   total reserved 1527808K, committed 98304K, used 39362K [0x00000000a2c00000, 0x0000000100000000)
  region size 1024K, 5 young (5120K), 5 survivors (5120K)
}
Event: 11.377 {heap Before GC invocations=5 (full 0):
 garbage-first heap   total reserved 1527808K, committed 98304K, used 67010K [0x00000000a2c00000, 0x0000000100000000)
  region size 1024K, 21 young (21504K), 5 survivors (5120K)
}
Event: 11.386 {heap After GC invocations=6 (full 0):
 garbage-first heap   total reserved 1527808K, committed 98304K, used 19910K [0x00000000a2c00000, 0x0000000100000000)
  region size 1024K, 3 young (3072K), 3 survivors (3072K)
}
Event: 11.919 {heap Before GC invocations=6 (full 0):
 garbage-first heap   total reserved 1527808K, committed 98304K, used 43462K [0x00000000a2c00000, 0x0000000100000000)
  region size 1024K, 21 young (21504K), 3 survivors (3072K)
}
Event: 11.929 {heap After GC invocations=7 (full 0):
 garbage-first heap   total reserved 1527808K, committed 98304K, used 30426K [0x00000000a2c00000, 0x0000000100000000)
  region size 1024K, 7 young (7168K), 7 survivors (7168K)
}
Event: 14.289 {heap Before GC invocations=8 (full 0):
 garbage-first heap   total reserved 1527808K, committed 98304K, used 79578K [0x00000000a2c00000, 0x0000000100000000)
  region size 1024K, 55 young (56320K), 7 survivors (7168K)
}
Event: 14.322 {heap After GC invocations=9 (full 0):
 garbage-first heap   total reserved 1527808K, committed 102400K, used 42133K [0x00000000a2c00000, 0x0000000100000000)
  region size 1024K, 7 young (7168K), 7 survivors (7168K)
}
Event: 17.155 {heap Before GC invocations=9 (full 0):
 garbage-first heap   total reserved 1527808K, committed 102400K, used 80021K [0x00000000a2c00000, 0x0000000100000000)
  region size 1024K, 45 young (46080K), 7 survivors (7168K)
}
Event: 17.175 {heap After GC invocations=10 (full 0):
 garbage-first heap   total reserved 1527808K, committed 102400K, used 46592K [0x00000000a2c00000, 0x0000000100000000)
  region size 1024K, 4 young (4096K), 4 survivors (4096K)
}
Event: 18.586 {heap Before GC invocations=10 (full 0):
 garbage-first heap   total reserved 1527808K, committed 102400K, used 84480K [0x00000000a2c00000, 0x0000000100000000)
  region size 1024K, 41 young (41984K), 4 survivors (4096K)
}
Event: 18.598 {heap After GC invocations=11 (full 0):
 garbage-first heap   total reserved 1527808K, committed 102400K, used 47853K [0x00000000a2c00000, 0x0000000100000000)
  region size 1024K, 5 young (5120K), 5 survivors (5120K)
}

